<?xml version="1.0" encoding="UTF-8"?>
<testsuite name="com.ceiba.reserva.servicio.ServicioCrearReservaTest" tests="1" skipped="0" failures="0" errors="0" timestamp="2021-10-27T14:05:57" hostname="MIGUEL-ORTIZ" time="2.037">
  <properties/>
  <testcase name="Deberia Crear la reserva de manera correcta" classname="com.ceiba.reserva.servicio.ServicioCrearReservaTest" time="2.037"/>
  <system-out><![CDATA[]]></system-out>
  <system-err><![CDATA[]]></system-err>
</testsuite>
